[2019-09-23 11:23:04] [회원 스터디 클릭]
[2019-09-23 11:23:04] 0.5,61,shinnew124@gmail.com,여,1990-02-07 00:00:00,경기 고양시 일산서구 일현로 123 (탄현동)@엔코아 건물 3층 301호,BG@IT@AZ,JB,2,2,48,{한국사 시험 같이 1급 따요},{코앞에 닥친 한국사 시험을 벼락치기로 같이 준비},{한국사 1급 목표인 아무나},{잡담  사담 없을 예정},{null},{0},0,3,0,Thu Sep 19 10:28:34 KST 2019,Sat Oct 12 00:00:00 KST 2019,{스타벅스},부산,남포,자격증,사회,한국사능력검정시험,Sun Oct 20 00:00:00 KST 2019,6@,14:00
[2019-09-23 11:23:04] [회원 스터디 클릭 끝]
[2019-09-23 11:23:10] [회원 스터디 클릭]
[2019-09-23 11:23:10] 0.5,61,shinnew124@gmail.com,여,1990-02-07 00:00:00,경기 고양시 일산서구 일현로 123 (탄현동)@엔코아 건물 3층 301호,BG@IT@AZ,JB,2,2,24,{한전 NCS 스터디 구합니다},{한전 NCS 같이 열심히 준비해서 뚫는 스터디입니다.},{한전 지원 예정자(다른 한전과 유사한 NCS 를 가진 기타 공기업 준비생도 상관없음)},{풀어온 모의고사 1회 채점 + 풀이
모의고사 같이 시간재서 풀기
총 3시간 소요 예정},{스터디룸 비용 당일날 결산},{3000},0,8,1,Mon Sep 16 08:39:08 KST 2019,Tue Sep 11 00:00:00 KST 2018,{사당역 스터디룸(미정)},서울,사당,취업,공기업,NCS,Sat Aug 24 00:00:00 KST 2019,3@,13:45
[2019-09-23 11:23:10] [회원 스터디 클릭 끝]
[2019-09-23 11:23:26] [회원 스터디 클릭]
[2019-09-23 11:23:26] 0.5,61,shinnew124@gmail.com,여,1990-02-07 00:00:00,경기 고양시 일산서구 일현로 123 (탄현동)@엔코아 건물 3층 301호,BG@IT@AZ,JB,2,2,29,{한국사 1급 스터디},{한국사 1급 준비하기 위한 스터디입니다.},{기존에 한국사에 대한 지식이 아예 전무하신분은 조금 힘드실 것 같습니다.},{null},{토 일중 하루 예정},{0},0,5,1,Wed Sep 18 03:35:22 KST 2019,Sat Oct 19 00:00:00 KST 2019,{미정},서울,건대,자격증,사회,한국사능력검정시험,Sat Oct 19 00:00:00 KST 2019,5@6@,14:45
[2019-09-23 11:23:26] [회원 스터디 클릭 끝]
[2019-09-23 11:23:28] [스터디 신청 시도 - 시각 & 스터디정보]
[2019-09-23 11:23:28] 61,shinnew124@gmail.com,29,{한국사 1급 스터디},{한국사 1급 준비하기 위한 스터디입니다.},{한국사 1급 스터디},{기존에 한국사에 대한 지식이 아예 전무하신분은 조금 힘드실 것 같습니다.},{null},{토 일중 하루 예정},{0},0,5,1,Wed Sep 18 03:35:22 KST 2019,Sat Oct 19 00:00:00 KST 2019,{미정},서울,건대,자격증,사회,한국사능력검정시험,Sat Oct 19 00:00:00 KST 2019,5@6@,14:45
[2019-09-23 11:23:39] [신청서 정보]
[2019-09-23 11:23:39] 61,29,유타대,커뮤니케이션,졸업
[2019-09-23 11:23:39] careernum,1
[2019-09-23 11:23:39] langnum,1
[2019-09-23 11:23:39] certnum,1
[2019-09-23 11:23:39] 61,29,1990-02-07 00:00:00,0.0,1,목적을 적어주세요,안녕하세요 저는 엔코아에 다니고 있습니다,소개,사항,-1569205408776
[2019-09-23 11:23:39] [신청서 정보 끝]
[2019-09-23 11:23:39] [스터디 신청 완료]
[2019-09-23 11:23:39] 1.0,61,shinnew124@gmail.com,여,1990-02-07 00:00:00,경기 고양시 일산서구 일현로 123 (탄현동)@엔코아 건물 3층 301호,BG@IT@AZ,JB,2,2,29,{한국사 1급 스터디},{한국사 1급 준비하기 위한 스터디입니다.},{기존에 한국사에 대한 지식이 아예 전무하신분은 조금 힘드실 것 같습니다.},{null},{토 일중 하루 예정},{0},0,5,1,Wed Sep 18 03:35:22 KST 2019,Sat Oct 19 00:00:00 KST 2019,{미정},서울,건대,자격증,사회,한국사능력검정시험,Sat Oct 19 00:00:00 KST 2019,5@6@,14:45
[2019-09-23 11:23:39] [스터디 신청 완료 끝]
